<?xml version="1.0" encoding="UTF-8"?>
<!-- Generated by org.testng.reporters.JUnitXMLReporter -->
<testsuite ignored="3" hostname="macos-C02F63JXMD6N" failures="1" tests="6" name="Car Loan" time="0.038" errors="0" timestamp="2022-12-21T17:41:37 IST">
  <testcase classname="test.Day3" name="WebLoginCarLoan" time="0.003"/>
  <testcase classname="test.Day3" name="xyzLogin" time="0.0"/>
  <testcase classname="test.Day3" name="xyzLogin" time="0.0"/>
  <testcase classname="test.Day3" name="xyzLogin" time="0.001"/>
  <testcase classname="test.Day3" name="abc" time="0.002">
    <failure type="java.lang.AssertionError" message="expected [true] but found [false]">
      <![CDATA[java.lang.AssertionError: expected [true] but found [false]
at test.Day3.abc(Day3.java:131)
at java.base/java.util.ArrayList.forEach(ArrayList.java:1511)
at java.base/java.util.concurrent.FutureTask.run(FutureTask.java:264)
at java.base/java.util.concurrent.ThreadPoolExecutor.runWorker(ThreadPoolExecutor.java:1136)
at java.base/java.util.concurrent.ThreadPoolExecutor$Worker.run(ThreadPoolExecutor.java:635)
at java.base/java.lang.Thread.run(Thread.java:833)
... Removed 22 stack frames]]>
    </failure>
  </testcase> <!-- abc -->
  <testcase classname="test.Day3" name="LoginAPICarLoan" time="0.0"/>
  <testcase classname="test.Day3" name="MobileSignIn" time="0.0">
    <ignored/>
  </testcase> <!-- MobileSignIn -->
  <testcase classname="test.Day3" name="MobileLoginCarLoan" time="0.0">
    <ignored/>
  </testcase> <!-- MobileLoginCarLoan -->
  <testcase classname="test.Day3" name="MobileSignOut" time="0.0">
    <ignored/>
  </testcase> <!-- MobileSignOut -->
</testsuite> <!-- Car Loan -->
